<?xml version="1.0" encoding="UTF-8"?>
<!-- Generated by org.testng.reporters.JUnitReportReporter -->
<testsuite hostname="LAPTOP-9C2EJI3D" failures="0" tests="1" name="Selenium_Assignment.B" time="7.456" errors="0" timestamp="2024-08-14T16:27:03 IST" skipped="0">
  <testcase classname="Selenium_Assignment.B" name="SearchFunctionality" time="7.456"/>
</testsuite> <!-- Selenium_Assignment.B -->
