<?xml version="1.0" encoding="UTF-8"?>
<!-- Generated by org.testng.reporters.JUnitReportReporter -->
<testsuite hostname="LAPTOP-9C2EJI3D" failures="0" tests="1" name="Selenium_Assignment.Ebay_Search_Functionality" time="7.963" errors="0" timestamp="2024-08-14T17:30:27 IST" skipped="0">
  <testcase classname="Selenium_Assignment.Ebay_Search_Functionality" name="Test1" time="7.963"/>
</testsuite> <!-- Selenium_Assignment.Ebay_Search_Functionality -->
