<?xml version="1.0" encoding="UTF-8"?>
<!-- Generated by org.testng.reporters.JUnitReportReporter -->
<testsuite hostname="LAPTOP-9C2EJI3D" failures="0" tests="1" name="Selenium_Assignment.C" time="6.948" errors="0" timestamp="2024-08-14T15:42:23 IST" skipped="0">
  <testcase classname="Selenium_Assignment.C" name="searchTest" time="6.948"/>
</testsuite> <!-- Selenium_Assignment.C -->
